<?xml version="1.0" encoding="UTF-8"?>
<testng-results skipped="0" failed="0" ignored="0" total="1" passed="1">
  <reporter-output>
  </reporter-output>
  <suite name="Default suite" duration-ms="4954" started-at="2020-07-30T09:44:49 EDT" finished-at="2020-07-30T09:44:54 EDT">
    <groups>
    </groups>
    <test name="Default test" duration-ms="4954" started-at="2020-07-30T09:44:49 EDT" finished-at="2020-07-30T09:44:54 EDT">
      <class name="files.DynamicJson">
        <test-method status="PASS" signature="addBook()[pri:0, instance:files.DynamicJson@4e7dc304]" name="addBook" duration-ms="4888" started-at="2020-07-30T09:44:49 EDT" finished-at="2020-07-30T09:44:54 EDT">
          <reporter-output>
          </reporter-output>
        </test-method> <!-- addBook -->
      </class> <!-- files.DynamicJson -->
    </test> <!-- Default test -->
  </suite> <!-- Default suite -->
</testng-results>
